

============================== 2022-09-08 17:53:27.836905 | d6b28283-13a0-4c32-9d75-9fbd3db22a8a ==============================
[0m17:53:27.836905 [info ] [MainThread]: Running with dbt=1.2.1
[0m17:53:27.836905 [debug] [MainThread]: running dbt with arguments {'write_json': True, 'use_colors': True, 'printer_width': 80, 'version_check': True, 'partial_parse': True, 'static_parser': True, 'profiles_dir': 'C:\\Users\\ignac\\.dbt', 'send_anonymous_usage_stats': True, 'event_buffer_size': 100000, 'quiet': False, 'no_print': False, 'project_name': 'empleo_proj', 'skip_profile_setup': False, 'which': 'init', 'indirect_selection': 'eager'}
[0m17:53:27.836905 [debug] [MainThread]: Tracking: tracking
[0m17:53:27.836905 [debug] [MainThread]: Sending event: {'category': 'dbt', 'action': 'invocation', 'label': 'start', 'context': [<snowplow_tracker.self_describing_json.SelfDescribingJson object at 0x00000265FFD35270>, <snowplow_tracker.self_describing_json.SelfDescribingJson object at 0x00000265FFD355D0>, <snowplow_tracker.self_describing_json.SelfDescribingJson object at 0x00000265FFCE75B0>]}
[0m17:53:27.836905 [info ] [MainThread]: Creating dbt configuration folder at C:\Users\ignac\.dbt
[0m17:53:27.836905 [debug] [MainThread]: Starter project path: C:\Users\ignac\OneDrive\Escritorio\Work\bch\bch_env\lib\site-packages\dbt\include\starter_project
[0m18:10:24.096783 [info ] [MainThread]: Profile empleo_proj written to C:\Users\ignac\.dbt\profiles.yml using target's profile_template.yml and your supplied values. Run 'dbt debug' to validate the connection.
[0m18:10:24.096783 [info ] [MainThread]: 
Your new dbt project "empleo_proj" was created!

For more information on how to configure the profiles.yml file,
please consult the dbt documentation here:

  https://docs.getdbt.com/docs/configure-your-profile

One more thing:

Need help? Don't hesitate to reach out to us via GitHub issues or on Slack:

  https://community.getdbt.com/

Happy modeling!

[0m18:10:24.096783 [debug] [MainThread]: Sending event: {'category': 'dbt', 'action': 'invocation', 'label': 'end', 'context': [<snowplow_tracker.self_describing_json.SelfDescribingJson object at 0x00000265FFCE71C0>, <snowplow_tracker.self_describing_json.SelfDescribingJson object at 0x00000265FFCE6EC0>, <snowplow_tracker.self_describing_json.SelfDescribingJson object at 0x00000265FFCE7B20>]}
[0m18:10:24.096783 [debug] [MainThread]: Flushing usage events


============================== 2022-09-08 18:27:28.427474 | f6f6628c-be9e-4b6b-8f87-02751add8354 ==============================
[0m18:27:28.427474 [info ] [MainThread]: Running with dbt=1.2.1
[0m18:27:28.427474 [debug] [MainThread]: running dbt with arguments {'write_json': True, 'use_colors': True, 'printer_width': 80, 'version_check': True, 'partial_parse': True, 'static_parser': True, 'profiles_dir': 'C:\\Users\\ignac\\.dbt', 'send_anonymous_usage_stats': True, 'event_buffer_size': 100000, 'quiet': False, 'no_print': False, 'config_dir': False, 'which': 'debug', 'indirect_selection': 'eager'}
[0m18:27:28.427474 [debug] [MainThread]: Tracking: tracking
[0m18:27:28.435326 [debug] [MainThread]: Sending event: {'category': 'dbt', 'action': 'invocation', 'label': 'start', 'context': [<snowplow_tracker.self_describing_json.SelfDescribingJson object at 0x00000193569D5390>, <snowplow_tracker.self_describing_json.SelfDescribingJson object at 0x00000193569D5960>, <snowplow_tracker.self_describing_json.SelfDescribingJson object at 0x00000193569D4E80>]}
[0m18:27:28.925297 [debug] [MainThread]: Executing "git --help"
[0m18:27:28.960351 [debug] [MainThread]: STDOUT: "b"usage: git [-v | --version] [-h | --help] [-C <path>] [-c <name>=<value>]\n           [--exec-path[=<path>]] [--html-path] [--man-path] [--info-path]\n           [-p | --paginate | -P | --no-pager] [--no-replace-objects] [--bare]\n           [--git-dir=<path>] [--work-tree=<path>] [--namespace=<name>]\n           [--super-prefix=<path>] [--config-env=<name>=<envvar>]\n           <command> [<args>]\n\nThese are common Git commands used in various situations:\n\nstart a working area (see also: git help tutorial)\n   clone     Clone a repository into a new directory\n   init      Create an empty Git repository or reinitialize an existing one\n\nwork on the current change (see also: git help everyday)\n   add       Add file contents to the index\n   mv        Move or rename a file, a directory, or a symlink\n   restore   Restore working tree files\n   rm        Remove files from the working tree and from the index\n\nexamine the history and state (see also: git help revisions)\n   bisect    Use binary search to find the commit that introduced a bug\n   diff      Show changes between commits, commit and working tree, etc\n   grep      Print lines matching a pattern\n   log       Show commit logs\n   show      Show various types of objects\n   status    Show the working tree status\n\ngrow, mark and tweak your common history\n   branch    List, create, or delete branches\n   commit    Record changes to the repository\n   merge     Join two or more development histories together\n   rebase    Reapply commits on top of another base tip\n   reset     Reset current HEAD to the specified state\n   switch    Switch branches\n   tag       Create, list, delete or verify a tag object signed with GPG\n\ncollaborate (see also: git help workflows)\n   fetch     Download objects and refs from another repository\n   pull      Fetch from and integrate with another repository or a local branch\n   push      Update remote refs along with associated objects\n\n'git help -a' and 'git help -g' list available subcommands and some\nconcept guides. See 'git help <command>' or 'git help <concept>'\nto read about a specific subcommand or concept.\nSee 'git help git' for an overview of the system.\n""
[0m18:27:28.960852 [debug] [MainThread]: STDERR: "b''"
[0m18:27:28.960852 [debug] [MainThread]: Acquiring new bigquery connection "debug"
[0m18:27:28.960852 [debug] [MainThread]: Opening a new connection, currently in state init
[0m18:27:28.960852 [debug] [MainThread]: On debug: select 1 as id
[0m18:27:30.625235 [debug] [MainThread]: Sending event: {'category': 'dbt', 'action': 'invocation', 'label': 'end', 'context': [<snowplow_tracker.self_describing_json.SelfDescribingJson object at 0x00000193569D4430>, <snowplow_tracker.self_describing_json.SelfDescribingJson object at 0x000001936636F8E0>, <snowplow_tracker.self_describing_json.SelfDescribingJson object at 0x000001936636D300>]}
[0m18:27:30.625235 [debug] [MainThread]: Flushing usage events
[0m18:27:31.380807 [debug] [MainThread]: Connection 'debug' was properly closed.


============================== 2022-09-08 18:29:34.148508 | dba7fb5d-a2f6-49cb-bdef-a4ae0844c589 ==============================
[0m18:29:34.148508 [info ] [MainThread]: Running with dbt=1.2.1
[0m18:29:34.148508 [debug] [MainThread]: running dbt with arguments {'write_json': True, 'use_colors': True, 'printer_width': 80, 'version_check': True, 'partial_parse': True, 'static_parser': True, 'profiles_dir': 'C:\\Users\\ignac\\.dbt', 'send_anonymous_usage_stats': True, 'event_buffer_size': 100000, 'quiet': False, 'no_print': False, 'project_name': 'empleo_proj', 'skip_profile_setup': False, 'which': 'init', 'indirect_selection': 'eager'}
[0m18:29:34.148508 [debug] [MainThread]: Tracking: tracking
[0m18:29:34.164134 [debug] [MainThread]: Sending event: {'category': 'dbt', 'action': 'invocation', 'label': 'start', 'context': [<snowplow_tracker.self_describing_json.SelfDescribingJson object at 0x00000158F09D5450>, <snowplow_tracker.self_describing_json.SelfDescribingJson object at 0x00000158F09D5960>, <snowplow_tracker.self_describing_json.SelfDescribingJson object at 0x00000158F09D4E80>]}
[0m18:29:34.164134 [debug] [MainThread]: Starter project path: C:\Users\ignac\OneDrive\Escritorio\Work\bch\bch_env\lib\site-packages\dbt\include\starter_project
[0m18:38:03.479807 [info ] [MainThread]: Profile empleo_proj written to C:\Users\ignac\.dbt\profiles.yml using target's profile_template.yml and your supplied values. Run 'dbt debug' to validate the connection.
[0m18:38:03.479807 [info ] [MainThread]: 
Your new dbt project "empleo_proj" was created!

For more information on how to configure the profiles.yml file,
please consult the dbt documentation here:

  https://docs.getdbt.com/docs/configure-your-profile

One more thing:

Need help? Don't hesitate to reach out to us via GitHub issues or on Slack:

  https://community.getdbt.com/

Happy modeling!

[0m18:38:03.479807 [debug] [MainThread]: Sending event: {'category': 'dbt', 'action': 'invocation', 'label': 'end', 'context': [<snowplow_tracker.self_describing_json.SelfDescribingJson object at 0x00000158EAA8C940>, <snowplow_tracker.self_describing_json.SelfDescribingJson object at 0x00000158F09D5810>, <snowplow_tracker.self_describing_json.SelfDescribingJson object at 0x00000158F09D4E80>]}
[0m18:38:03.494409 [debug] [MainThread]: Flushing usage events
